#
# There is insufficient memory for the Java Runtime Environment to continue.
# Native memory allocation (mmap) failed to map 100663296 bytes for Failed to commit area from 0x00000000a1e00000 to 0x00000000a7e00000 of length 100663296.
# Possible reasons:
#   The system is out of physical RAM or swap space
#   The process is running with CompressedOops enabled, and the Java Heap may be blocking the growth of the native heap
# Possible solutions:
#   Reduce memory load on the system
#   Increase physical memory or swap space
#   Check if swap backing store is full
#   Decrease Java heap size (-Xmx/-Xms)
#   Decrease number of Java threads
#   Decrease Java thread stack sizes (-Xss)
#   Set larger code cache with -XX:ReservedCodeCacheSize=
# This output file may be truncated or incomplete.
#
#  Out of Memory Error (t:/workspace/open/src/hotspot/os/windows/os_windows.cpp:3301), pid=3628, tid=20960
#
# JRE version:  (13.0.2+8) (build )
# Java VM: Java HotSpot(TM) 64-Bit Server VM (13.0.2+8, mixed mode, aot, sharing, tiered, compressed oops, g1 gc, windows-amd64)
# No core dump will be written. Minidumps are not enabled by default on client versions of Windows
#

---------------  S U M M A R Y ------------

Command Line: -Dfile.encoding=UTF-8 com.edu.LibrarySystem.App

Host: AMD Ryzen 5 3550H with Radeon Vega Mobile Gfx  , 8 cores, 5G,  Windows 10 , 64 bit Build 19041 (10.0.19041.1348)
Time: Thu Feb 24 11:54:21 2022 India Standard Time elapsed time: 0 seconds (0d 0h 0m 0s)

---------------  T H R E A D  ---------------

Current thread (0x000001cf7415d000):  JavaThread "Unknown thread" [_thread_in_vm, id=20960, stack(0x0000005ed7500000,0x0000005ed7600000)]

Stack: [0x0000005ed7500000,0x0000005ed7600000]
Native frames: (J=compiled Java code, j=interpreted, Vv=VM code, C=native code)
V  [jvm.dll+0x624f9a]
V  [jvm.dll+0x770cfa]
V  [jvm.dll+0x7724af]
V  [jvm.dll+0x772ab3]
V  [jvm.dll+0x24bf08]
V  [jvm.dll+0x6222aa]
V  [jvm.dll+0x6170b5]
V  [jvm.dll+0x30a88c]
V  [jvm.dll+0x30a6c2]
V  [jvm.dll+0x30fe36]
V  [jvm.dll+0x353f46]
V  [jvm.dll+0x353720]
V  [jvm.dll+0x2e550a]
V  [jvm.dll+0x2e67a2]
V  [jvm.dll+0x74dd78]
V  [jvm.dll+0x361989]
V  [jvm.dll+0x730e65]
V  [jvm.dll+0x3cc53f]
V  [jvm.dll+0x3ce861]
C  [jli.dll+0x51ff]
C  [ucrtbase.dll+0x21bb2]
C  [KERNEL32.DLL+0x17034]
C  [ntdll.dll+0x52651]


---------------  P R O C E S S  ---------------

Threads class SMR info:
_java_thread_list=0x00007ffa0791ccb8, length=0, elements={
}

Java Threads: ( => current thread )

Other Threads:
  0x000001cf74198800 GCTaskThread "GC Thread#0" [stack: 0x0000005ed7600000,0x0000005ed7700000] [id=19768]
  0x000001cf741a7000 ConcurrentGCThread "G1 Main Marker" [stack: 0x0000005ed7700000,0x0000005ed7800000] [id=14304]
  0x000001cf741aa800 ConcurrentGCThread "G1 Conc#0" [stack: 0x0000005ed7800000,0x0000005ed7900000] [id=12144]

[error occurred during error reporting (printing all threads), id 0xc0000005, EXCEPTION_ACCESS_VIOLATION (0xc0000005) at pc=0x00007ffa071551d7]

VM state:not at safepoint (not fully initialized)

VM Mutex/Monitor currently owned by a thread:  ([mutex/lock_event])
[0x000001cf741598e0] Heap_lock - owner thread: 0x000001cf7415d000

Heap address: 0x00000000a1e00000, size: 1506 MB, Compressed Oops mode: Non-zero based: 0x00000000a1e00000
Narrow klass base: 0x0000000000000000, Narrow klass shift: 0

GC Heap History (0 events):
No events

Deoptimization events (0 events):
No events

Classes unloaded (0 events):
No events

Classes redefined (0 events):
No events

Internal exceptions (0 events):
No events

Events (8 events):
Event: 0.014 Loaded shared library C:\Program Files\Java\jdk-13.0.2\bin\zip.dll
Event: 0.015 Loaded shared library C:\Program Files\Java\jdk-13.0.2\bin\jimage.dll
Event: 0.017 Loading shared library C:\Program Files\Java\jdk-13.0.2\lib\libjava.base-coop.dll failed, error code 126
Event: 0.017 Loading shared library C:\Program Files\Java\jdk-13.0.2\lib\libjava.logging-coop.dll failed, error code 126
Event: 0.017 Loading shared library C:\Program Files\Java\jdk-13.0.2\lib\libjdk.compiler-coop.dll failed, error code 126
Event: 0.017 Loading shared library C:\Program Files\Java\jdk-13.0.2\lib\libjdk.scripting.nashorn-coop.dll failed, error code 126
Event: 0.017 Loading shared library C:\Program Files\Java\jdk-13.0.2\lib\libjdk.internal.vm.ci-coop.dll failed, error code 126
Event: 0.017 Loading shared library C:\Program Files\Java\jdk-13.0.2\lib\libjdk.internal.vm.compiler-coop.dll failed, error code 126


Dynamic libraries:
0x00007ff602470000 - 0x00007ff60247f000 	C:\Program Files\Java\jdk-13.0.2\bin\javaw.exe
0x00007ffa64350000 - 0x00007ffa64545000 	C:\WINDOWS\SYSTEM32\ntdll.dll
0x00007ffa63c30000 - 0x00007ffa63cee000 	C:\WINDOWS\System32\KERNEL32.DLL
0x00007ffa61ba0000 - 0x00007ffa61e68000 	C:\WINDOWS\System32\KERNELBASE.dll
0x00007ffa61e70000 - 0x00007ffa61f70000 	C:\WINDOWS\System32\ucrtbase.dll
0x00007ffa5d970000 - 0x00007ffa5d988000 	C:\Program Files\Java\jdk-13.0.2\bin\jli.dll
0x00007ffa5a920000 - 0x00007ffa5a935000 	C:\Program Files\Java\jdk-13.0.2\bin\VCRUNTIME140.dll
0x00007ffa63940000 - 0x00007ffa639ec000 	C:\WINDOWS\System32\ADVAPI32.dll
0x00007ffa62ae0000 - 0x00007ffa62b7e000 	C:\WINDOWS\System32\msvcrt.dll
0x00007ffa63a60000 - 0x00007ffa63afb000 	C:\WINDOWS\System32\sechost.dll
0x00007ffa63810000 - 0x00007ffa6393a000 	C:\WINDOWS\System32\RPCRT4.dll
0x00007ffa624b0000 - 0x00007ffa62651000 	C:\WINDOWS\System32\USER32.dll
0x00007ffa61b70000 - 0x00007ffa61b92000 	C:\WINDOWS\System32\win32u.dll
0x00007ffa62480000 - 0x00007ffa624ab000 	C:\WINDOWS\System32\GDI32.dll
0x00007ffa62170000 - 0x00007ffa6227d000 	C:\WINDOWS\System32\gdi32full.dll
0x00007ffa620d0000 - 0x00007ffa6216d000 	C:\WINDOWS\System32\msvcp_win.dll
0x00007ffa49e70000 - 0x00007ffa4a10a000 	C:\WINDOWS\WinSxS\amd64_microsoft.windows.common-controls_6595b64144ccf1df_6.0.19041.1110_none_60b5254171f9507e\COMCTL32.dll
0x00007ffa58f30000 - 0x00007ffa58f3a000 	C:\WINDOWS\SYSTEM32\VERSION.dll
0x00007ffa641b0000 - 0x00007ffa641e0000 	C:\WINDOWS\System32\IMM32.DLL
0x00007ffa314b0000 - 0x00007ffa3154b000 	C:\Program Files\Java\jdk-13.0.2\bin\msvcp140.dll
0x00007ffa06e60000 - 0x00007ffa079bd000 	C:\Program Files\Java\jdk-13.0.2\bin\server\jvm.dll
0x00007ffa63da0000 - 0x00007ffa63da8000 	C:\WINDOWS\System32\PSAPI.DLL
0x00007ffa470a0000 - 0x00007ffa470a9000 	C:\WINDOWS\SYSTEM32\WSOCK32.dll
0x00007ffa639f0000 - 0x00007ffa63a5b000 	C:\WINDOWS\System32\WS2_32.dll
0x00007ffa57ce0000 - 0x00007ffa57d07000 	C:\WINDOWS\SYSTEM32\WINMM.dll
0x00007ffa5f940000 - 0x00007ffa5f952000 	C:\WINDOWS\SYSTEM32\kernel.appcore.dll
0x00007ffa5d990000 - 0x00007ffa5d9a0000 	C:\Program Files\Java\jdk-13.0.2\bin\verify.dll
0x00007ffa49370000 - 0x00007ffa49554000 	C:\WINDOWS\SYSTEM32\DBGHELP.DLL
0x00007ffa43990000 - 0x00007ffa439bc000 	C:\WINDOWS\SYSTEM32\dbgcore.DLL
0x00007ffa62280000 - 0x00007ffa62302000 	C:\WINDOWS\System32\bcryptPrimitives.dll
0x00007ffa4fcc0000 - 0x00007ffa4fce6000 	C:\Program Files\Java\jdk-13.0.2\bin\java.dll
0x00007ffa595f0000 - 0x00007ffa59607000 	C:\Program Files\Java\jdk-13.0.2\bin\zip.dll
0x00007ffa500e0000 - 0x00007ffa500ea000 	C:\Program Files\Java\jdk-13.0.2\bin\jimage.dll

dbghelp: loaded successfully - version: 4.0.5 - missing functions: none
symbol engine: initialized successfully - sym options: 0x614 - pdb path: .;C:\Program Files\Java\jdk-13.0.2\bin;C:\WINDOWS\SYSTEM32;C:\WINDOWS\WinSxS\amd64_microsoft.windows.common-controls_6595b64144ccf1df_6.0.19041.1110_none_60b5254171f9507e;C:\Program Files\Java\jdk-13.0.2\bin\server

VM Arguments:
jvm_args: -Dfile.encoding=UTF-8 
java_command: com.edu.LibrarySystem.App
java_class_path (initial): D:\java\LibrarySystem\target\classes;C:\Users\patil\.m2\repository\mysql\mysql-connector-java\8.0.18\mysql-connector-java-8.0.18.jar;C:\Users\patil\.m2\repository\com\google\protobuf\protobuf-java\3.6.1\protobuf-java-3.6.1.jar;C:\Users\patil\.m2\repository\org\hibernate\orm\hibernate-core\6.0.0.Alpha1\hibernate-core-6.0.0.Alpha1.jar;C:\Users\patil\.m2\repository\org\jboss\logging\jboss-logging\3.3.2.Final\jboss-logging-3.3.2.Final.jar;C:\Users\patil\.m2\repository\javax\persistence\javax.persistence-api\2.2\javax.persistence-api-2.2.jar;C:\Users\patil\.m2\repository\org\javassist\javassist\3.24.0-GA\javassist-3.24.0-GA.jar;C:\Users\patil\.m2\repository\net\bytebuddy\byte-buddy\1.9.5\byte-buddy-1.9.5.jar;C:\Users\patil\.m2\repository\org\antlr\antlr4\4.7.1\antlr4-4.7.1.jar;C:\Users\patil\.m2\repository\org\antlr\antlr4-runtime\4.7.1\antlr4-runtime-4.7.1.jar;C:\Users\patil\.m2\repository\org\antlr\antlr-runtime\3.5.2\antlr-runtime-3.5.2.jar;C:\Users\patil\.m2\repository\org\antlr\ST4\4.0.8\ST4-4.0.8.jar;C:\Users\patil\.m2\repository\org\abego\treelayout\org.abego.treelayout.core\1.0.3\org.abego.treelayout.core-1.0.3.jar;C:\Users\patil\.m2\repository\org\glassfish\javax.json\1.0.4\javax.json-1.0.4.jar;C:\Users\patil\.m2\repository\com\ibm\icu\icu4j\58.2\icu4j-58.2.jar;C:\Users\patil\.m2\repository\org\jboss\spec\javax\transaction\jboss-transaction-api_1.2_spec\1.1.1.Final\jboss-transaction-api_1.2_spec-1.1.1.Final.jar;C:\Users\patil\.m2\repository\org\jboss\jandex\2.0.5.Final\jandex-2.0.5.Final.jar;C:\Users\patil\.m2\repository\com\fasterxml\classmate\1.3.4\classmate-1.3.4.jar;C:\Users\patil\.m2\repository\javax\activation\javax.activation-api\1.2.0\javax.activation-api-1.2.0.jar;C:\Users\patil\.m2\repository\org\dom4j\dom4j\2.1.1\dom4j-2.1.1.jar;C:\Users\patil\.m2\repository\org\hibernate\common\hibernate-commons-annotations\5.1.0.Final\hibernate-commons-annotations-5.1.0.Final.jar;C:\Users\patil\.m2\repository\javax\xml\bind\jaxb-api\2.3.
Launcher Type: SUN_STANDARD

[Global flags]
     intx CICompilerCount                          = 4                                         {product} {ergonomic}
     uint ConcGCThreads                            = 2                                         {product} {ergonomic}
     uint G1ConcRefinementThreads                  = 8                                         {product} {ergonomic}
   size_t G1HeapRegionSize                         = 1048576                                   {product} {ergonomic}
    uintx GCDrainStackTargetSize                   = 64                                        {product} {ergonomic}
   size_t InitialHeapSize                          = 100663296                                 {product} {ergonomic}
   size_t MarkStackSize                            = 4194304                                   {product} {ergonomic}
   size_t MaxHeapSize                              = 1579155456                                {product} {ergonomic}
   size_t MinHeapDeltaBytes                        = 1048576                                   {product} {ergonomic}
   size_t MinHeapSize                              = 8388608                                   {product} {ergonomic}
    uintx NonNMethodCodeHeapSize                   = 5839372                                {pd product} {ergonomic}
    uintx NonProfiledCodeHeapSize                  = 122909434                              {pd product} {ergonomic}
    uintx ProfiledCodeHeapSize                     = 122909434                              {pd product} {ergonomic}
    uintx ReservedCodeCacheSize                    = 251658240                              {pd product} {ergonomic}
     bool SegmentedCodeCache                       = true                                      {product} {ergonomic}
   size_t SoftMaxHeapSize                          = 1579155456                             {manageable} {ergonomic}
     bool UseCompressedClassPointers               = true                                 {lp64_product} {ergonomic}
     bool UseCompressedOops                        = true                                 {lp64_product} {ergonomic}
     bool UseG1GC                                  = true                                      {product} {ergonomic}
     bool UseLargePagesIndividualAllocation        = false                                  {pd product} {ergonomic}

Logging:
Log output configuration:
 #0: stdout all=warning uptime,level,tags
 #1: stderr all=off uptime,level,tags

Environment Variables:
PATH=C:/Program Files/Java/jdk-13.0.2/bin/server;C:/Program Files/Java/jdk-13.0.2/bin;C:\windows\system32;C:\windows;C:\windows\System32\Wbem;C:\windows\System32\WindowsPowerShell\v1.0\;C:\windows\System32\OpenSSH\;C:\Program Files (x86)\NVIDIA Corporation\PhysX\Common;C:\Program Files\NVIDIA Corporation\NVIDIA NvDLISR;C:\PROGRA~2\FANUC\Shared\UTILIT~1;C:\PROGRA~2\FANUC\WinOLPC\bin;C:\WINDOWS\system32;C:\WINDOWS;C:\WINDOWS\System32\Wbem;C:\WINDOWS\System32\WindowsPowerShell\v1.0\;C:\WINDOWS\System32\OpenSSH\;C:\Users\patil\AppData\Local\Microsoft\WindowsApps;C:\adb;C:\wamp64\bin\mysql\mysql5.7.26\bin;C:\Users\patil\AppData\Local\Microsoft\WindowsApps;;C:\WINDOWS\System32;
USERNAME=patil
OS=Windows_NT
PROCESSOR_IDENTIFIER=AMD64 Family 23 Model 24 Stepping 1, AuthenticAMD



---------------  S Y S T E M  ---------------

OS: Windows 10 , 64 bit Build 19041 (10.0.19041.1348)

CPU:total 8 (initial active 8) (8 cores per cpu, 2 threads per core) family 23 model 24 stepping 1, cmov, cx8, fxsr, mmx, sse, sse2, sse3, ssse3, sse4.1, sse4.2, popcnt, avx, avx2, aes, clmul, mmxext, 3dnowpref, lzcnt, sse4a, ht, tsc, tscinvbit, tscinv, bmi1, bmi2, adx, sha, fma

Memory: 4k page, system-wide physical 6021M (1266M free)
TotalPageFile size 10373M (AvailPageFile size 53M)
current process WorkingSet (physical memory assigned to process): 10M, peak: 10M
current process commit charge ("private bytes"): 60M, peak: 156M

vm_info: Java HotSpot(TM) 64-Bit Server VM (13.0.2+8) for windows-amd64 JRE (13.0.2+8), built on Dec 11 2019 09:20:33 by "mach5one" with unknown MS VC++:1916

END.
