#
# There is insufficient memory for the Java Runtime Environment to continue.
# Native memory allocation (malloc) failed to allocate 32744 bytes for ChunkPool::allocate
# Possible reasons:
#   The system is out of physical RAM or swap space
#   The process is running with CompressedOops enabled, and the Java Heap may be blocking the growth of the native heap
# Possible solutions:
#   Reduce memory load on the system
#   Increase physical memory or swap space
#   Check if swap backing store is full
#   Decrease Java heap size (-Xmx/-Xms)
#   Decrease number of Java threads
#   Decrease Java thread stack sizes (-Xss)
#   Set larger code cache with -XX:ReservedCodeCacheSize=
#   JVM is running with Unscaled Compressed Oops mode in which the Java heap is
#     placed in the first 4GB address space. The Java Heap base address is the
#     maximum limit for the native heap growth. Please use -XX:HeapBaseMinAddress
#     to set the Java Heap base and to place the Java Heap above 4GB virtual address.
# This output file may be truncated or incomplete.
#
#  Out of Memory Error (t:/workspace/open/src/hotspot/share/memory/arena.cpp:80), pid=23460, tid=19976
#
# JRE version: Java(TM) SE Runtime Environment (13.0.2+8) (build 13.0.2+8)
# Java VM: Java HotSpot(TM) 64-Bit Server VM (13.0.2+8, mixed mode, sharing, tiered, compressed oops, g1 gc, windows-amd64)
# No core dump will be written. Minidumps are not enabled by default on client versions of Windows
#

---------------  S U M M A R Y ------------

Command Line: -Dfile.encoding=UTF-8 com.edu.LibrarySystem.App

Host: AMD Ryzen 5 3550H with Radeon Vega Mobile Gfx  , 8 cores, 5G,  Windows 10 , 64 bit Build 19041 (10.0.19041.1348)
Time: Sat Feb  5 19:53:30 2022 India Standard Time elapsed time: 0 seconds (0d 0h 0m 0s)

---------------  T H R E A D  ---------------

Current thread (0x000002f4cf36a000):  JavaThread "C2 CompilerThread1" daemon [_thread_in_native, id=19976, stack(0x000000f7b0900000,0x000000f7b0a00000)]


Current CompileTask:
C2:    714  210 %     4       java.util.jar.Manifest$FastInputStream::readLine @ 86 (296 bytes)

Stack: [0x000000f7b0900000,0x000000f7b0a00000]
Native frames: (J=compiled Java code, j=interpreted, Vv=VM code, C=native code)
V  [jvm.dll+0x624f9a]
V  [jvm.dll+0x770cfa]
V  [jvm.dll+0x7724af]
V  [jvm.dll+0x772ab3]
V  [jvm.dll+0x24bf08]
V  [jvm.dll+0xc2076]
V  [jvm.dll+0xc23cc]
V  [jvm.dll+0xc1f2d]
V  [jvm.dll+0x60763f]
V  [jvm.dll+0x656aed]
V  [jvm.dll+0x19f3bc]
V  [jvm.dll+0x205d36]
V  [jvm.dll+0x204e3f]
V  [jvm.dll+0x189c2c]
V  [jvm.dll+0x213e6d]
V  [jvm.dll+0x2120bb]
V  [jvm.dll+0x736bb6]
V  [jvm.dll+0x72fcaa]
V  [jvm.dll+0x623ea6]
C  [ucrtbase.dll+0x21bb2]
C  [KERNEL32.DLL+0x17034]
C  [ntdll.dll+0x52651]


---------------  P R O C E S S  ---------------

Threads class SMR info:
_java_thread_list=0x000002f4cf2ef5b0, length=11, elements={
0x000002f4aecfa800, 0x000002f4ce840000, 0x000002f4ce841000, 0x000002f4ce859800,
0x000002f4ce85a800, 0x000002f4ce85c800, 0x000002f4ce864000, 0x000002f4ce895000,
0x000002f4cf2d8800, 0x000002f4cf2e7000, 0x000002f4cf36a000
}

Java Threads: ( => current thread )
  0x000002f4aecfa800 JavaThread "main" [_thread_in_native, id=19748, stack(0x000000f7af800000,0x000000f7af900000)]
  0x000002f4ce840000 JavaThread "Reference Handler" daemon [_thread_blocked, id=22368, stack(0x000000f7aff00000,0x000000f7b0000000)]
  0x000002f4ce841000 JavaThread "Finalizer" daemon [_thread_blocked, id=19348, stack(0x000000f7b0000000,0x000000f7b0100000)]
  0x000002f4ce859800 JavaThread "Signal Dispatcher" daemon [_thread_blocked, id=18520, stack(0x000000f7b0100000,0x000000f7b0200000)]
  0x000002f4ce85a800 JavaThread "Attach Listener" daemon [_thread_blocked, id=9464, stack(0x000000f7b0200000,0x000000f7b0300000)]
  0x000002f4ce85c800 JavaThread "C2 CompilerThread0" daemon [_thread_blocked, id=10676, stack(0x000000f7b0300000,0x000000f7b0400000)]
  0x000002f4ce864000 JavaThread "C1 CompilerThread0" daemon [_thread_blocked, id=16380, stack(0x000000f7b0400000,0x000000f7b0500000)]
  0x000002f4ce895000 JavaThread "Sweeper thread" daemon [_thread_blocked, id=16496, stack(0x000000f7b0500000,0x000000f7b0600000)]
  0x000002f4cf2d8800 JavaThread "Service Thread" daemon [_thread_blocked, id=3868, stack(0x000000f7b0600000,0x000000f7b0700000)]
  0x000002f4cf2e7000 JavaThread "Common-Cleaner" daemon [_thread_blocked, id=20120, stack(0x000000f7b0800000,0x000000f7b0900000)]
=>0x000002f4cf36a000 JavaThread "C2 CompilerThread1" daemon [_thread_in_native, id=19976, stack(0x000000f7b0900000,0x000000f7b0a00000)]

Other Threads:
  0x000002f4ce83a800 VMThread "VM Thread" [stack: 0x000000f7afe00000,0x000000f7aff00000] [id=25032]
  0x000002f4cf2de800 WatcherThread [stack: 0x000000f7b0700000,0x000000f7b0800000] [id=26168]
  0x000002f4aed34800 GCTaskThread "GC Thread#0" [stack: 0x000000f7af900000,0x000000f7afa00000] [id=25216]
  0x000002f4cf476000 GCTaskThread "GC Thread#1" [stack: 0x000000f7b0a00000,0x000000f7b0b00000] [id=13304]
  0x000002f4aed42800 ConcurrentGCThread "G1 Main Marker" [stack: 0x000000f7afa00000,0x000000f7afb00000] [id=3380]
  0x000002f4aed48000 ConcurrentGCThread "G1 Conc#0" [stack: 0x000000f7afb00000,0x000000f7afc00000] [id=11316]
  0x000002f4ce6c0800 ConcurrentGCThread "G1 Refine#0" [stack: 0x000000f7afc00000,0x000000f7afd00000] [id=14964]
  0x000002f4ce6c2000 ConcurrentGCThread "G1 Young RemSet Sampling" [stack: 0x000000f7afd00000,0x000000f7afe00000] [id=26588]

Threads with active compile tasks:
C2 CompilerThread1      783  210 %     4       java.util.jar.Manifest$FastInputStream::readLine @ 86 (296 bytes)

VM state:not at safepoint (normal execution)

VM Mutex/Monitor currently owned by a thread: None

Heap address: 0x00000000a1e00000, size: 1506 MB, Compressed Oops mode: 32-bit
Narrow klass base: 0x0000000800000000, Narrow klass shift: 3
Compressed class space size: 1073741824 Address: 0x0000000800b40000

Heap:
 garbage-first heap   total 98304K, used 21163K [0x00000000a1e00000, 0x0000000100000000)
  region size 1024K, 22 young (22528K), 3 survivors (3072K)
 Metaspace       used 1199K, capacity 4845K, committed 5120K, reserved 1056768K
  class space    used 104K, capacity 447K, committed 512K, reserved 1048576K
Heap Regions: E=young(eden), S=young(survivor), O=old, HS=humongous(starts), HC=humongous(continues), CS=collection set, F=free, A=archive, TAMS=top-at-mark-start (previous, next)
|   0|0x00000000a1e00000, 0x00000000a1f00000, 0x00000000a1f00000|100%|HS|  |TAMS 0x00000000a1e00000, 0x00000000a1e00000| Complete 
|   1|0x00000000a1f00000, 0x00000000a1f00000, 0x00000000a2000000|  0%| F|  |TAMS 0x00000000a1f00000, 0x00000000a1f00000| Untracked 
|   2|0x00000000a2000000, 0x00000000a2000000, 0x00000000a2100000|  0%| F|  |TAMS 0x00000000a2000000, 0x00000000a2000000| Untracked 
|   3|0x00000000a2100000, 0x00000000a2100000, 0x00000000a2200000|  0%| F|  |TAMS 0x00000000a2100000, 0x00000000a2100000| Untracked 
|   4|0x00000000a2200000, 0x00000000a2200000, 0x00000000a2300000|  0%| F|  |TAMS 0x00000000a2200000, 0x00000000a2200000| Untracked 
|   5|0x00000000a2300000, 0x00000000a2300000, 0x00000000a2400000|  0%| F|  |TAMS 0x00000000a2300000, 0x00000000a2300000| Untracked 
|   6|0x00000000a2400000, 0x00000000a2400000, 0x00000000a2500000|  0%| F|  |TAMS 0x00000000a2400000, 0x00000000a2400000| Untracked 
|   7|0x00000000a2500000, 0x00000000a2500000, 0x00000000a2600000|  0%| F|  |TAMS 0x00000000a2500000, 0x00000000a2500000| Untracked 
|   8|0x00000000a2600000, 0x00000000a2600000, 0x00000000a2700000|  0%| F|  |TAMS 0x00000000a2600000, 0x00000000a2600000| Untracked 
|   9|0x00000000a2700000, 0x00000000a2700000, 0x00000000a2800000|  0%| F|  |TAMS 0x00000000a2700000, 0x00000000a2700000| Untracked 
|  10|0x00000000a2800000, 0x00000000a2800000, 0x00000000a2900000|  0%| F|  |TAMS 0x00000000a2800000, 0x00000000a2800000| Untracked 
|  11|0x00000000a2900000, 0x00000000a2900000, 0x00000000a2a00000|  0%| F|  |TAMS 0x00000000a2900000, 0x00000000a2900000| Untracked 
|  12|0x00000000a2a00000, 0x00000000a2a00000, 0x00000000a2b00000|  0%| F|  |TAMS 0x00000000a2a00000, 0x00000000a2a00000| Untracked 
|  13|0x00000000a2b00000, 0x00000000a2b00000, 0x00000000a2c00000|  0%| F|  |TAMS 0x00000000a2b00000, 0x00000000a2b00000| Untracked 
|  14|0x00000000a2c00000, 0x00000000a2c00000, 0x00000000a2d00000|  0%| F|  |TAMS 0x00000000a2c00000, 0x00000000a2c00000| Untracked 
|  15|0x00000000a2d00000, 0x00000000a2d00000, 0x00000000a2e00000|  0%| F|  |TAMS 0x00000000a2d00000, 0x00000000a2d00000| Untracked 
|  16|0x00000000a2e00000, 0x00000000a2e00000, 0x00000000a2f00000|  0%| F|  |TAMS 0x00000000a2e00000, 0x00000000a2e00000| Untracked 
|  17|0x00000000a2f00000, 0x00000000a2f00000, 0x00000000a3000000|  0%| F|  |TAMS 0x00000000a2f00000, 0x00000000a2f00000| Untracked 
|  18|0x00000000a3000000, 0x00000000a3000000, 0x00000000a3100000|  0%| F|  |TAMS 0x00000000a3000000, 0x00000000a3000000| Untracked 
|  19|0x00000000a3100000, 0x00000000a3100000, 0x00000000a3200000|  0%| F|  |TAMS 0x00000000a3100000, 0x00000000a3100000| Untracked 
|  20|0x00000000a3200000, 0x00000000a3200000, 0x00000000a3300000|  0%| F|  |TAMS 0x00000000a3200000, 0x00000000a3200000| Untracked 
|  21|0x00000000a3300000, 0x00000000a3300000, 0x00000000a3400000|  0%| F|  |TAMS 0x00000000a3300000, 0x00000000a3300000| Untracked 
|  22|0x00000000a3400000, 0x00000000a3400000, 0x00000000a3500000|  0%| F|  |TAMS 0x00000000a3400000, 0x00000000a3400000| Untracked 
|  23|0x00000000a3500000, 0x00000000a3500000, 0x00000000a3600000|  0%| F|  |TAMS 0x00000000a3500000, 0x00000000a3500000| Untracked 
|  24|0x00000000a3600000, 0x00000000a3600000, 0x00000000a3700000|  0%| F|  |TAMS 0x00000000a3600000, 0x00000000a3600000| Untracked 
|  25|0x00000000a3700000, 0x00000000a3700000, 0x00000000a3800000|  0%| F|  |TAMS 0x00000000a3700000, 0x00000000a3700000| Untracked 
|  26|0x00000000a3800000, 0x00000000a3800000, 0x00000000a3900000|  0%| F|  |TAMS 0x00000000a3800000, 0x00000000a3800000| Untracked 
|  27|0x00000000a3900000, 0x00000000a3900000, 0x00000000a3a00000|  0%| F|  |TAMS 0x00000000a3900000, 0x00000000a3900000| Untracked 
|  28|0x00000000a3a00000, 0x00000000a3a00000, 0x00000000a3b00000|  0%| F|  |TAMS 0x00000000a3a00000, 0x00000000a3a00000| Untracked 
|  29|0x00000000a3b00000, 0x00000000a3b00000, 0x00000000a3c00000|  0%| F|  |TAMS 0x00000000a3b00000, 0x00000000a3b00000| Untracked 
|  30|0x00000000a3c00000, 0x00000000a3c00000, 0x00000000a3d00000|  0%| F|  |TAMS 0x00000000a3c00000, 0x00000000a3c00000| Untracked 
|  31|0x00000000a3d00000, 0x00000000a3d00000, 0x00000000a3e00000|  0%| F|  |TAMS 0x00000000a3d00000, 0x00000000a3d00000| Untracked 
|  32|0x00000000a3e00000, 0x00000000a3e00000, 0x00000000a3f00000|  0%| F|  |TAMS 0x00000000a3e00000, 0x00000000a3e00000| Untracked 
|  33|0x00000000a3f00000, 0x00000000a3f00000, 0x00000000a4000000|  0%| F|  |TAMS 0x00000000a3f00000, 0x00000000a3f00000| Untracked 
|  34|0x00000000a4000000, 0x00000000a4000000, 0x00000000a4100000|  0%| F|  |TAMS 0x00000000a4000000, 0x00000000a4000000| Untracked 
|  35|0x00000000a4100000, 0x00000000a4100000, 0x00000000a4200000|  0%| F|  |TAMS 0x00000000a4100000, 0x00000000a4100000| Untracked 
|  36|0x00000000a4200000, 0x00000000a4200000, 0x00000000a4300000|  0%| F|  |TAMS 0x00000000a4200000, 0x00000000a4200000| Untracked 
|  37|0x00000000a4300000, 0x00000000a4300000, 0x00000000a4400000|  0%| F|  |TAMS 0x00000000a4300000, 0x00000000a4300000| Untracked 
|  38|0x00000000a4400000, 0x00000000a4400000, 0x00000000a4500000|  0%| F|  |TAMS 0x00000000a4400000, 0x00000000a4400000| Untracked 
|  39|0x00000000a4500000, 0x00000000a4500000, 0x00000000a4600000|  0%| F|  |TAMS 0x00000000a4500000, 0x00000000a4500000| Untracked 
|  40|0x00000000a4600000, 0x00000000a4600000, 0x00000000a4700000|  0%| F|  |TAMS 0x00000000a4600000, 0x00000000a4600000| Untracked 
|  41|0x00000000a4700000, 0x00000000a4700000, 0x00000000a4800000|  0%| F|  |TAMS 0x00000000a4700000, 0x00000000a4700000| Untracked 
|  42|0x00000000a4800000, 0x00000000a4800000, 0x00000000a4900000|  0%| F|  |TAMS 0x00000000a4800000, 0x00000000a4800000| Untracked 
|  43|0x00000000a4900000, 0x00000000a4900000, 0x00000000a4a00000|  0%| F|  |TAMS 0x00000000a4900000, 0x00000000a4900000| Untracked 
|  44|0x00000000a4a00000, 0x00000000a4a00000, 0x00000000a4b00000|  0%| F|  |TAMS 0x00000000a4a00000, 0x00000000a4a00000| Untracked 
|  45|0x00000000a4b00000, 0x00000000a4b00000, 0x00000000a4c00000|  0%| F|  |TAMS 0x00000000a4b00000, 0x00000000a4b00000| Untracked 
|  46|0x00000000a4c00000, 0x00000000a4c00000, 0x00000000a4d00000|  0%| F|  |TAMS 0x00000000a4c00000, 0x00000000a4c00000| Untracked 
|  47|0x00000000a4d00000, 0x00000000a4d00000, 0x00000000a4e00000|  0%| F|  |TAMS 0x00000000a4d00000, 0x00000000a4d00000| Untracked 
|  48|0x00000000a4e00000, 0x00000000a4e00000, 0x00000000a4f00000|  0%| F|  |TAMS 0x00000000a4e00000, 0x00000000a4e00000| Untracked 
|  49|0x00000000a4f00000, 0x00000000a4f00000, 0x00000000a5000000|  0%| F|  |TAMS 0x00000000a4f00000, 0x00000000a4f00000| Untracked 
|  50|0x00000000a5000000, 0x00000000a5000000, 0x00000000a5100000|  0%| F|  |TAMS 0x00000000a5000000, 0x00000000a5000000| Untracked 
|  51|0x00000000a5100000, 0x00000000a5100000, 0x00000000a5200000|  0%| F|  |TAMS 0x00000000a5100000, 0x00000000a5100000| Untracked 
|  52|0x00000000a5200000, 0x00000000a5200000, 0x00000000a5300000|  0%| F|  |TAMS 0x00000000a5200000, 0x00000000a5200000| Untracked 
|  53|0x00000000a5300000, 0x00000000a5300000, 0x00000000a5400000|  0%| F|  |TAMS 0x00000000a5300000, 0x00000000a5300000| Untracked 
|  54|0x00000000a5400000, 0x00000000a5400000, 0x00000000a5500000|  0%| F|  |TAMS 0x00000000a5400000, 0x00000000a5400000| Untracked 
|  55|0x00000000a5500000, 0x00000000a5500000, 0x00000000a5600000|  0%| F|  |TAMS 0x00000000a5500000, 0x00000000a5500000| Untracked 
|  56|0x00000000a5600000, 0x00000000a5600000, 0x00000000a5700000|  0%| F|  |TAMS 0x00000000a5600000, 0x00000000a5600000| Untracked 
|  57|0x00000000a5700000, 0x00000000a5700000, 0x00000000a5800000|  0%| F|  |TAMS 0x00000000a5700000, 0x00000000a5700000| Untracked 
|  58|0x00000000a5800000, 0x00000000a5800000, 0x00000000a5900000|  0%| F|  |TAMS 0x00000000a5800000, 0x00000000a5800000| Untracked 
|  59|0x00000000a5900000, 0x00000000a5900000, 0x00000000a5a00000|  0%| F|  |TAMS 0x00000000a5900000, 0x00000000a5900000| Untracked 
|  60|0x00000000a5a00000, 0x00000000a5a00000, 0x00000000a5b00000|  0%| F|  |TAMS 0x00000000a5a00000, 0x00000000a5a00000| Untracked 
|  61|0x00000000a5b00000, 0x00000000a5b00000, 0x00000000a5c00000|  0%| F|  |TAMS 0x00000000a5b00000, 0x00000000a5b00000| Untracked 
|  62|0x00000000a5c00000, 0x00000000a5c00000, 0x00000000a5d00000|  0%| F|  |TAMS 0x00000000a5c00000, 0x00000000a5c00000| Untracked 
|  63|0x00000000a5d00000, 0x00000000a5d00000, 0x00000000a5e00000|  0%| F|  |TAMS 0x00000000a5d00000, 0x00000000a5d00000| Untracked 
|  64|0x00000000a5e00000, 0x00000000a5e00000, 0x00000000a5f00000|  0%| F|  |TAMS 0x00000000a5e00000, 0x00000000a5e00000| Untracked 
|  65|0x00000000a5f00000, 0x00000000a5f00000, 0x00000000a6000000|  0%| F|  |TAMS 0x00000000a5f00000, 0x00000000a5f00000| Untracked 
|  66|0x00000000a6000000, 0x00000000a6000000, 0x00000000a6100000|  0%| F|  |TAMS 0x00000000a6000000, 0x00000000a6000000| Untracked 
|  67|0x00000000a6100000, 0x00000000a6100000, 0x00000000a6200000|  0%| F|  |TAMS 0x00000000a6100000, 0x00000000a6100000| Untracked 
|  68|0x00000000a6200000, 0x00000000a6200000, 0x00000000a6300000|  0%| F|  |TAMS 0x00000000a6200000, 0x00000000a6200000| Untracked 
|  69|0x00000000a6300000, 0x00000000a63aad90, 0x00000000a6400000| 66%| S|CS|TAMS 0x00000000a6300000, 0x00000000a6300000| Complete 
|  70|0x00000000a6400000, 0x00000000a6500000, 0x00000000a6500000|100%| S|CS|TAMS 0x00000000a6400000, 0x00000000a6400000| Complete 
|  71|0x00000000a6500000, 0x00000000a6600000, 0x00000000a6600000|100%| S|CS|TAMS 0x00000000a6500000, 0x00000000a6500000| Complete 
|  72|0x00000000a6600000, 0x00000000a6600000, 0x00000000a6700000|  0%| F|  |TAMS 0x00000000a6600000, 0x00000000a6600000| Untracked 
|  73|0x00000000a6700000, 0x00000000a6700000, 0x00000000a6800000|  0%| F|  |TAMS 0x00000000a6700000, 0x00000000a6700000| Untracked 
|  74|0x00000000a6800000, 0x00000000a6800000, 0x00000000a6900000|  0%| F|  |TAMS 0x00000000a6800000, 0x00000000a6800000| Untracked 
|  75|0x00000000a6900000, 0x00000000a6900000, 0x00000000a6a00000|  0%| F|  |TAMS 0x00000000a6900000, 0x00000000a6900000| Untracked 
|  76|0x00000000a6a00000, 0x00000000a6a00000, 0x00000000a6b00000|  0%| F|  |TAMS 0x00000000a6a00000, 0x00000000a6a00000| Untracked 
|  77|0x00000000a6b00000, 0x00000000a6ba7e00, 0x00000000a6c00000| 65%| E|  |TAMS 0x00000000a6b00000, 0x00000000a6b00000| Complete 
|  78|0x00000000a6c00000, 0x00000000a6d00000, 0x00000000a6d00000|100%| E|CS|TAMS 0x00000000a6c00000, 0x00000000a6c00000| Complete 
|  79|0x00000000a6d00000, 0x00000000a6e00000, 0x00000000a6e00000|100%| E|CS|TAMS 0x00000000a6d00000, 0x00000000a6d00000| Complete 
|  80|0x00000000a6e00000, 0x00000000a6f00000, 0x00000000a6f00000|100%| E|CS|TAMS 0x00000000a6e00000, 0x00000000a6e00000| Complete 
|  81|0x00000000a6f00000, 0x00000000a7000000, 0x00000000a7000000|100%| E|CS|TAMS 0x00000000a6f00000, 0x00000000a6f00000| Complete 
|  82|0x00000000a7000000, 0x00000000a7100000, 0x00000000a7100000|100%| E|CS|TAMS 0x00000000a7000000, 0x00000000a7000000| Complete 
|  83|0x00000000a7100000, 0x00000000a7200000, 0x00000000a7200000|100%| E|CS|TAMS 0x00000000a7100000, 0x00000000a7100000| Complete 
|  84|0x00000000a7200000, 0x00000000a7300000, 0x00000000a7300000|100%| E|CS|TAMS 0x00000000a7200000, 0x00000000a7200000| Complete 
|  85|0x00000000a7300000, 0x00000000a7400000, 0x00000000a7400000|100%| E|  |TAMS 0x00000000a7300000, 0x00000000a7300000| Complete 
|  86|0x00000000a7400000, 0x00000000a7500000, 0x00000000a7500000|100%| E|CS|TAMS 0x00000000a7400000, 0x00000000a7400000| Complete 
|  87|0x00000000a7500000, 0x00000000a7600000, 0x00000000a7600000|100%| E|CS|TAMS 0x00000000a7500000, 0x00000000a7500000| Complete 
|  88|0x00000000a7600000, 0x00000000a7700000, 0x00000000a7700000|100%| E|CS|TAMS 0x00000000a7600000, 0x00000000a7600000| Complete 
|  89|0x00000000a7700000, 0x00000000a7800000, 0x00000000a7800000|100%| E|CS|TAMS 0x00000000a7700000, 0x00000000a7700000| Complete 
|  90|0x00000000a7800000, 0x00000000a7900000, 0x00000000a7900000|100%| E|CS|TAMS 0x00000000a7800000, 0x00000000a7800000| Complete 
|  91|0x00000000a7900000, 0x00000000a7a00000, 0x00000000a7a00000|100%| E|CS|TAMS 0x00000000a7900000, 0x00000000a7900000| Complete 
|  92|0x00000000a7a00000, 0x00000000a7b00000, 0x00000000a7b00000|100%| E|CS|TAMS 0x00000000a7a00000, 0x00000000a7a00000| Complete 
|  93|0x00000000a7b00000, 0x00000000a7c00000, 0x00000000a7c00000|100%| E|CS|TAMS 0x00000000a7b00000, 0x00000000a7b00000| Complete 
|  94|0x00000000a7c00000, 0x00000000a7d00000, 0x00000000a7d00000|100%| E|CS|TAMS 0x00000000a7c00000, 0x00000000a7c00000| Complete 
|  95|0x00000000a7d00000, 0x00000000a7e00000, 0x00000000a7e00000|100%| E|CS|TAMS 0x00000000a7d00000, 0x00000000a7d00000| Complete 

Card table byte_map: [0x000002f4c8890000,0x000002f4c8b90000] _byte_map_base: 0x000002f4c8381000

Marking Bits (Prev, Next): (CMBitMap*) 0x000002f4aed36178, (CMBitMap*) 0x000002f4aed361b8
 Prev Bits: [0x000002f4c8e90000, 0x000002f4ca618000)
 Next Bits: [0x000002f4ca620000, 0x000002f4cbda8000)

Polling page: 0x000002f4aede0000

Metaspace:

Usage:
  Non-class:      4.36 MB capacity,     1.11 MB ( 25%) used,     3.25 MB ( 75%) free+waste,     2.50 KB ( <1%) overhead. 
      Class:    447.00 KB capacity,   105.91 KB ( 24%) used,   339.28 KB ( 76%) free+waste,     1.81 KB ( <1%) overhead. 
       Both:      4.79 MB capacity,     1.21 MB ( 25%) used,     3.58 MB ( 75%) free+waste,     4.31 KB ( <1%) overhead. 

Virtual space:
  Non-class space:        8.00 MB reserved,       4.50 MB ( 56%) committed 
      Class space:        1.00 GB reserved,     512.00 KB ( <1%) committed 
             Both:        1.01 GB reserved,       5.00 MB ( <1%) committed 

Chunk freelists:
   Non-Class:  18.00 KB
       Class:  1.00 KB
        Both:  19.00 KB

MaxMetaspaceSize: 17179869184.00 GB
CompressedClassSpaceSize: 1.00 GB

CodeHeap 'non-profiled nmethods': size=120000Kb used=115Kb max_used=115Kb free=119884Kb
 bounds [0x000002f4c04b0000, 0x000002f4c0720000, 0x000002f4c79e0000]
CodeHeap 'profiled nmethods': size=120000Kb used=504Kb max_used=504Kb free=119495Kb
 bounds [0x000002f4b8f80000, 0x000002f4b91f0000, 0x000002f4c04b0000]
CodeHeap 'non-nmethods': size=5760Kb used=1128Kb max_used=1143Kb free=4631Kb
 bounds [0x000002f4b89e0000, 0x000002f4b8c50000, 0x000002f4b8f80000]
 total_blobs=1082 nmethods=361 adapters=276
 compilation: enabled
              stopped_count=0, restarted_count=0
 full_count=0

Compilation events (20 events):
Event: 0.299 Thread 0x000002f4ce864000  244       3       java.lang.invoke.MemberName::testFlags (16 bytes)
Event: 0.299 Thread 0x000002f4ce864000 nmethod 244 0x000002f4b8fd4c90 code [0x000002f4b8fd4e40, 0x000002f4b8fd5018]
Event: 0.299 Thread 0x000002f4ce864000  247       3       java.lang.String::hashCode (60 bytes)
Event: 0.300 Thread 0x000002f4ce864000 nmethod 247 0x000002f4b8fd5090 code [0x000002f4b8fd5260, 0x000002f4b8fd5750]
Event: 0.301 Thread 0x000002f4ce864000  248       3       java.lang.invoke.MethodTypeForm::canonicalize (233 bytes)
Event: 0.302 Thread 0x000002f4ce864000 nmethod 248 0x000002f4b8fd5890 code [0x000002f4b8fd5b00, 0x000002f4b8fd6640]
Event: 0.304 Thread 0x000002f4ce864000  249       3       java.lang.String::<init> (74 bytes)
Event: 0.305 Thread 0x000002f4ce864000 nmethod 249 0x000002f4b8fd6890 code [0x000002f4b8fd6aa0, 0x000002f4b8fd71a0]
Event: 0.305 Thread 0x000002f4ce864000  250       3       java.lang.StringUTF16::compress (20 bytes)
Event: 0.305 Thread 0x000002f4ce864000 nmethod 250 0x000002f4b8fd7410 code [0x000002f4b8fd75c0, 0x000002f4b8fd7850]
Event: 0.307 Thread 0x000002f4ce864000  251       3       java.lang.Class::getName (18 bytes)
Event: 0.307 Thread 0x000002f4ce864000 nmethod 251 0x000002f4b8fd7910 code [0x000002f4b8fd7ac0, 0x000002f4b8fd7cd0]
Event: 0.307 Thread 0x000002f4ce864000  252       3       java.lang.invoke.MethodType::checkPtype (19 bytes)
Event: 0.308 Thread 0x000002f4ce864000 nmethod 252 0x000002f4b8fd7d90 code [0x000002f4b8fd7f80, 0x000002f4b8fd83a0]
Event: 0.309 Thread 0x000002f4ce864000  254       3       java.lang.invoke.MethodType::hashCode (53 bytes)
Event: 0.309 Thread 0x000002f4ce864000 nmethod 254 0x000002f4b8fd8510 code [0x000002f4b8fd86e0, 0x000002f4b8fd8ae0]
Event: 0.309 Thread 0x000002f4ce864000  256       3       java.lang.invoke.MethodType$ConcurrentWeakInternSet::expungeStaleElements (27 bytes)
Event: 0.310 Thread 0x000002f4ce864000 nmethod 256 0x000002f4b8fd8c90 code [0x000002f4b8fd8e80, 0x000002f4b8fd9500]
Event: 0.310 Thread 0x000002f4ce864000  259       1       java.lang.invoke.MemberName::getDeclaringClass (5 bytes)
Event: 0.310 Thread 0x000002f4ce864000 nmethod 259 0x000002f4c04c2a90 code [0x000002f4c04c2c20, 0x000002f4c04c2d58]

GC Heap History (2 events):
Event: 0.256 GC heap before
{Heap before GC invocations=0 (full 0):
 garbage-first heap   total 98304K, used 24576K [0x00000000a1e00000, 0x0000000100000000)
  region size 1024K, 24 young (24576K), 0 survivors (0K)
 Metaspace       used 600K, capacity 4571K, committed 4864K, reserved 1056768K
  class space    used 48K, capacity 393K, committed 512K, reserved 1048576K
}
Event: 0.261 GC heap after
{Heap after GC invocations=1 (full 0):
 garbage-first heap   total 98304K, used 3755K [0x00000000a1e00000, 0x0000000100000000)
  region size 1024K, 3 young (3072K), 3 survivors (3072K)
 Metaspace       used 600K, capacity 4571K, committed 4864K, reserved 1056768K
  class space    used 48K, capacity 393K, committed 512K, reserved 1048576K
}

Deoptimization events (10 events):
Event: 0.141 Thread 0x000002f4aecfa800 DEOPT PACKING pc=0x000002f4b8f9f30e sp=0x000000f7af8fd8f0
Event: 0.141 Thread 0x000002f4aecfa800 DEOPT UNPACKING pc=0x000002f4b8a2964e sp=0x000000f7af8fcd90 mode 0
Event: 0.141 Thread 0x000002f4aecfa800 DEOPT PACKING pc=0x000002f4b8f9f30e sp=0x000000f7af8fd8f0
Event: 0.141 Thread 0x000002f4aecfa800 DEOPT UNPACKING pc=0x000002f4b8a2964e sp=0x000000f7af8fcd90 mode 0
Event: 0.274 Thread 0x000002f4aecfa800 DEOPT PACKING pc=0x000002f4b8fab4d0 sp=0x000000f7af8fd290
Event: 0.275 Thread 0x000002f4aecfa800 DEOPT UNPACKING pc=0x000002f4b8a2964e sp=0x000000f7af8fc730 mode 0
Event: 0.295 Thread 0x000002f4aecfa800 Uncommon trap: trap_request=0xffffff45 fr.pc=0x000002f4c04b4f30 relative=0x0000000000000210
Event: 0.295 Thread 0x000002f4aecfa800 Uncommon trap: reason=unstable_if action=reinterpret pc=0x000002f4c04b4f30 method=java.lang.String.hashCode()I @ 13 c2
Event: 0.295 Thread 0x000002f4aecfa800 DEOPT PACKING pc=0x000002f4c04b4f30 sp=0x000000f7af8fa460
Event: 0.295 Thread 0x000002f4aecfa800 DEOPT UNPACKING pc=0x000002f4b8a2912f sp=0x000000f7af8fa3f8 mode 2

Classes unloaded (0 events):
No events

Classes redefined (0 events):
No events

Internal exceptions (0 events):
No events

Events (20 events):
Event: 0.273 loading class org/hibernate/jpa/boot/spi/PersistenceUnitDescriptor
Event: 0.273 loading class org/hibernate/jpa/boot/spi/PersistenceUnitDescriptor done
Event: 0.274 loading class org/jboss/logging/Logger
Event: 0.274 loading class org/jboss/logging/Logger done
Event: 0.277 loading class org/jboss/logging/BasicLogger
Event: 0.277 loading class org/jboss/logging/BasicLogger done
Event: 0.280 loading class java/lang/InstantiationException
Event: 0.280 loading class java/lang/InstantiationException done
Event: 0.280 loading class java/lang/IllegalAccessException
Event: 0.280 loading class java/lang/IllegalAccessException done
Event: 0.280 loading class java/lang/reflect/InvocationTargetException
Event: 0.280 loading class java/lang/reflect/InvocationTargetException done
Event: 0.281 loading class org/jboss/logging/LoggerProviders
Event: 0.281 loading class org/jboss/logging/LoggerProviders done
Event: 0.282 loading class org/jboss/logging/LoggerProvider
Event: 0.282 loading class org/jboss/logging/LoggerProvider done
Event: 0.283 loading class java/lang/IllegalStateException
Event: 0.283 loading class java/lang/IllegalStateException done
Event: 0.283 loading class org/jboss/logging/SecurityActions
Event: 0.283 loading class org/jboss/logging/SecurityActions done


Dynamic libraries:
0x00007ff6d2f60000 - 0x00007ff6d2f6f000 	C:\Program Files\Java\jdk-13.0.2\bin\javaw.exe
0x00007ffd37cb0000 - 0x00007ffd37ea5000 	C:\WINDOWS\SYSTEM32\ntdll.dll
0x00007ffd36600000 - 0x00007ffd366be000 	C:\WINDOWS\System32\KERNEL32.DLL
0x00007ffd353c0000 - 0x00007ffd35688000 	C:\WINDOWS\System32\KERNELBASE.dll
0x00007ffd35b70000 - 0x00007ffd35c70000 	C:\WINDOWS\System32\ucrtbase.dll
0x00007ffd12ea0000 - 0x00007ffd12eb8000 	C:\Program Files\Java\jdk-13.0.2\bin\jli.dll
0x00007ffd13d90000 - 0x00007ffd13da5000 	C:\Program Files\Java\jdk-13.0.2\bin\VCRUNTIME140.dll
0x00007ffd36c60000 - 0x00007ffd36d0c000 	C:\WINDOWS\System32\ADVAPI32.dll
0x00007ffd37bd0000 - 0x00007ffd37c6e000 	C:\WINDOWS\System32\msvcrt.dll
0x00007ffd37710000 - 0x00007ffd377ab000 	C:\WINDOWS\System32\sechost.dll
0x00007ffd37510000 - 0x00007ffd3763a000 	C:\WINDOWS\System32\RPCRT4.dll
0x00007ffd35ec0000 - 0x00007ffd36061000 	C:\WINDOWS\System32\USER32.dll
0x00007ffd35720000 - 0x00007ffd35742000 	C:\WINDOWS\System32\win32u.dll
0x00007ffd374e0000 - 0x00007ffd3750b000 	C:\WINDOWS\System32\GDI32.dll
0x00007ffd22aa0000 - 0x00007ffd22d3a000 	C:\WINDOWS\WinSxS\amd64_microsoft.windows.common-controls_6595b64144ccf1df_6.0.19041.1110_none_60b5254171f9507e\COMCTL32.dll
0x00007ffd35a60000 - 0x00007ffd35b6d000 	C:\WINDOWS\System32\gdi32full.dll
0x00007ffd357b0000 - 0x00007ffd3584d000 	C:\WINDOWS\System32\msvcp_win.dll
0x00007ffd2c120000 - 0x00007ffd2c12a000 	C:\WINDOWS\SYSTEM32\VERSION.dll
0x00007ffd36070000 - 0x00007ffd360a0000 	C:\WINDOWS\System32\IMM32.DLL
0x00007ffcf2f10000 - 0x00007ffcf2fab000 	C:\Program Files\Java\jdk-13.0.2\bin\msvcp140.dll
0x00007ffcdab10000 - 0x00007ffcdb66d000 	C:\Program Files\Java\jdk-13.0.2\bin\server\jvm.dll
0x00007ffd37640000 - 0x00007ffd37648000 	C:\WINDOWS\System32\PSAPI.DLL
0x00007ffd30ee0000 - 0x00007ffd30ee9000 	C:\WINDOWS\SYSTEM32\WSOCK32.dll
0x00007ffd20d00000 - 0x00007ffd20d27000 	C:\WINDOWS\SYSTEM32\WINMM.dll
0x00007ffd37470000 - 0x00007ffd374db000 	C:\WINDOWS\System32\WS2_32.dll
0x00007ffd332b0000 - 0x00007ffd332c2000 	C:\WINDOWS\SYSTEM32\kernel.appcore.dll
0x00007ffd2f5a0000 - 0x00007ffd2f5b0000 	C:\Program Files\Java\jdk-13.0.2\bin\verify.dll
0x00007ffd25690000 - 0x00007ffd25874000 	C:\WINDOWS\SYSTEM32\DBGHELP.DLL
0x00007ffd21c20000 - 0x00007ffd21c4c000 	C:\WINDOWS\SYSTEM32\dbgcore.DLL
0x00007ffd35690000 - 0x00007ffd35712000 	C:\WINDOWS\System32\bcryptPrimitives.dll
0x00007ffd1ee60000 - 0x00007ffd1ee86000 	C:\Program Files\Java\jdk-13.0.2\bin\java.dll
0x00007ffd237a0000 - 0x00007ffd237b7000 	C:\Program Files\Java\jdk-13.0.2\bin\zip.dll
0x00007ffd20f00000 - 0x00007ffd20f0a000 	C:\Program Files\Java\jdk-13.0.2\bin\jimage.dll
0x00007ffd36d20000 - 0x00007ffd37464000 	C:\WINDOWS\System32\SHELL32.dll
0x00007ffd334b0000 - 0x00007ffd33c44000 	C:\WINDOWS\SYSTEM32\windows.storage.dll
0x00007ffd37870000 - 0x00007ffd37bc5000 	C:\WINDOWS\System32\combase.dll
0x00007ffd34d40000 - 0x00007ffd34d6e000 	C:\WINDOWS\SYSTEM32\Wldp.dll
0x00007ffd35cf0000 - 0x00007ffd35d9d000 	C:\WINDOWS\System32\SHCORE.dll
0x00007ffd37810000 - 0x00007ffd37865000 	C:\WINDOWS\System32\shlwapi.dll
0x00007ffd35300000 - 0x00007ffd3531f000 	C:\WINDOWS\SYSTEM32\profapi.dll
0x00007ffd15f10000 - 0x00007ffd15f29000 	C:\Program Files\Java\jdk-13.0.2\bin\net.dll
0x00007ffd285b0000 - 0x00007ffd286bc000 	C:\WINDOWS\SYSTEM32\WINHTTP.dll
0x00007ffd34aa0000 - 0x00007ffd34b0a000 	C:\WINDOWS\system32\mswsock.dll
0x00007ffd15d00000 - 0x00007ffd15d13000 	C:\Program Files\Java\jdk-13.0.2\bin\nio.dll

dbghelp: loaded successfully - version: 4.0.5 - missing functions: none
symbol engine: initialized successfully - sym options: 0x614 - pdb path: .;C:\Program Files\Java\jdk-13.0.2\bin;C:\WINDOWS\SYSTEM32;C:\WINDOWS\WinSxS\amd64_microsoft.windows.common-controls_6595b64144ccf1df_6.0.19041.1110_none_60b5254171f9507e;C:\Program Files\Java\jdk-13.0.2\bin\server

VM Arguments:
jvm_args: -Dfile.encoding=UTF-8 
java_command: com.edu.LibrarySystem.App
java_class_path (initial): D:\java\LibrarySystem\target\classes;D:\java\JarFile\antlr-2.7.7.jar;D:\java\JarFile\byte-buddy-1.12.7.jar;D:\java\JarFile\classmate-1.5.1.jar;D:\java\JarFile\FastInfoset-1.2.15.jar;D:\java\JarFile\hibernate-commons-annotations-5.1.2.Final.jar;D:\java\JarFile\hibernate-core-5.6.5.Final.jar;D:\java\JarFile\istack-commons-runtime-3.0.7.jar;D:\java\JarFile\jandex-2.4.2.Final.jar;D:\java\JarFile\javax.activation-api-1.2.0.jar;D:\java\JarFile\javax.persistence-api-2.2.jar;D:\java\JarFile\jaxb-api-2.3.1.jar;D:\java\JarFile\jaxb-runtime-2.3.1.jar;D:\java\JarFile\jboss-logging-3.4.3.Final.jar;D:\java\JarFile\jboss-transaction-api_1.2_spec-1.1.1.Final.jar;D:\java\JarFile\stax-ex-1.8.jar;D:\java\JarFile\txw2-2.3.1.jar;C:\Users\patil\Downloads\mysql-connector-java-8.0.25.jar;D:\java\antlr-2.7.7.jar;D:\java\byte-buddy-1.6.14.jar;D:\java\classmate-1.3.0.jar;D:\java\dom4j-1.6.1.jar;D:\java\hibernate-commons-annotations-5.0.1.Final.jar;D:\java\hibernate-core-5.2.12.Final.jar;D:\java\hibernate-entitymanager-5.2.12.Final.jar;D:\java\hibernate-jpa-2.1-api-1.0.0.Final.jar;D:\java\jandex-2.0.3.Final.jar;D:\java\javassist-3.20.0-GA.jar;D:\java\jboss-logging-3.3.0.Final.jar;D:\java\jboss-transaction-api_1.2_spec-1.0.1.Final.jar
Launcher Type: SUN_STANDARD

[Global flags]
     intx CICompilerCount                          = 4                                         {product} {ergonomic}
     uint ConcGCThreads                            = 2                                         {product} {ergonomic}
     uint G1ConcRefinementThreads                  = 8                                         {product} {ergonomic}
   size_t G1HeapRegionSize                         = 1048576                                   {product} {ergonomic}
    uintx GCDrainStackTargetSize                   = 64                                        {product} {ergonomic}
   size_t InitialHeapSize                          = 100663296                                 {product} {ergonomic}
   size_t MarkStackSize                            = 4194304                                   {product} {ergonomic}
   size_t MaxHeapSize                              = 1579155456                                {product} {ergonomic}
   size_t MaxNewSize                               = 946864128                                 {product} {ergonomic}
   size_t MinHeapDeltaBytes                        = 1048576                                   {product} {ergonomic}
   size_t MinHeapSize                              = 8388608                                   {product} {ergonomic}
    uintx NonNMethodCodeHeapSize                   = 5839372                                {pd product} {ergonomic}
    uintx NonProfiledCodeHeapSize                  = 122909434                              {pd product} {ergonomic}
    uintx ProfiledCodeHeapSize                     = 122909434                              {pd product} {ergonomic}
    uintx ReservedCodeCacheSize                    = 251658240                              {pd product} {ergonomic}
     bool SegmentedCodeCache                       = true                                      {product} {ergonomic}
   size_t SoftMaxHeapSize                          = 1579155456                             {manageable} {ergonomic}
     bool UseCompressedClassPointers               = true                                 {lp64_product} {ergonomic}
     bool UseCompressedOops                        = true                                 {lp64_product} {ergonomic}
     bool UseG1GC                                  = true                                      {product} {ergonomic}
     bool UseLargePagesIndividualAllocation        = false                                  {pd product} {ergonomic}

Logging:
Log output configuration:
 #0: stdout all=warning uptime,level,tags
 #1: stderr all=off uptime,level,tags

Environment Variables:
PATH=C:/Program Files/Java/jdk-13.0.2/bin/server;C:/Program Files/Java/jdk-13.0.2/bin;C:\windows\system32;C:\windows;C:\windows\System32\Wbem;C:\windows\System32\WindowsPowerShell\v1.0\;C:\windows\System32\OpenSSH\;C:\Program Files (x86)\NVIDIA Corporation\PhysX\Common;C:\Program Files\NVIDIA Corporation\NVIDIA NvDLISR;C:\PROGRA~2\FANUC\Shared\UTILIT~1;C:\PROGRA~2\FANUC\WinOLPC\bin;C:\WINDOWS\system32;C:\WINDOWS;C:\WINDOWS\System32\Wbem;C:\WINDOWS\System32\WindowsPowerShell\v1.0\;C:\WINDOWS\System32\OpenSSH\;C:\Users\patil\AppData\Local\Microsoft\WindowsApps;C:\adb;C:\Users\patil\AppData\Local\Microsoft\WindowsApps;;C:\WINDOWS\System32;
USERNAME=patil
OS=Windows_NT
PROCESSOR_IDENTIFIER=AMD64 Family 23 Model 24 Stepping 1, AuthenticAMD



---------------  S Y S T E M  ---------------

OS: Windows 10 , 64 bit Build 19041 (10.0.19041.1348)

CPU:total 8 (initial active 8) (8 cores per cpu, 2 threads per core) family 23 model 24 stepping 1, cmov, cx8, fxsr, mmx, sse, sse2, sse3, ssse3, sse4.1, sse4.2, popcnt, avx, avx2, aes, clmul, mmxext, 3dnowpref, lzcnt, sse4a, ht, tsc, tscinvbit, tscinv, bmi1, bmi2, adx, sha, fma

Memory: 4k page, system-wide physical 6021M (823M free)
TotalPageFile size 10373M (AvailPageFile size 1M)
current process WorkingSet (physical memory assigned to process): 62M, peak: 62M
current process commit charge ("private bytes"): 185M, peak: 185M

vm_info: Java HotSpot(TM) 64-Bit Server VM (13.0.2+8) for windows-amd64 JRE (13.0.2+8), built on Dec 11 2019 09:20:33 by "mach5one" with unknown MS VC++:1916

END.
